Base path: 'C:/Program Files/Unity/Hub/Editor/2020.3.17f1/Editor/Data', plugins path 'C:/Program Files/Unity/Hub/Editor/2020.3.17f1/Editor/Data/PlaybackEngines'
Cmd: initializeCompiler

Cmd: disassembleShader
 name=Standard platform=d3d11 type=15 mask=6 insize=2594 outsize=4328 ok=1

Cmd: compileSnippet
  insize=1647 file=Assets/DefaultResourcesExtra/Standard pass=FORWARD cachingPP=1 ppOnly=0 stripLineD=0 buildPlatform=21 rsLen=0 pKW=UNITY_ENABLE_REFLECTION_BUFFERS UNITY_USE_DITHER_MASK_FOR_ALPHABLENDED_SHADOWS UNITY_PBS_USE_BRDF1 UNITY_SPECCUBE_BOX_PROJECTION UNITY_SPECCUBE_BLENDING UNITY_ENABLE_DETAIL_NORMALMAP UNITY_HARDWARE_TIER3 UNITY_COLORSPACE_GAMMA UNITY_LIGHT_PROBE_PROXY_VOLUME UNITY_LIGHTMAP_FULL_HDR UNITY_PASS_FORWARDBASE uKW=DIRECTIONAL LIGHTPROBE_SH STEREO_INSTANCING_ON _ALPHABLEND_ON dKW=FOG_LINEAR FOG_EXP FOG_EXP2 INSTANCING_ON _NORMALMAP _ALPHATEST_ON _ALPHAPREMULTIPLY_ON _METALLICGLOSSMAP _PARALLAXMAP SHADOWS_SHADOWMASK DYNAMICLIGHTMAP_ON LIGHTMAP_ON LIGHTMAP_SHADOW_MIXING DIRLIGHTMAP_COMBINED SHADOWS_SCREEN VERTEXLIGHT_ON UNITY_NO_DXT5nm UNITY_ENABLE_NATIVE_SHADOW_LOOKUPS UNITY_METAL_SHADOWS_USE_POINT_FILTERING UNITY_NO_SCREENSPACE_SHADOWS UNITY_PBS_USE_BRDF2 UNITY_PBS_USE_BRDF3 UNITY_NO_FULL_STANDARD_SHADER UNITY_HARDWARE_TIER1 UNITY_HARDWARE_TIER2 UNITY_HALF_PRECISION_FRAGMENT_SHADER_REGISTERS UNITY_LIGHTMAP_DLDR_ENCODING UNITY_LIGHTMAP_RGBM_ENCODING UNITY_VIRTUAL_TEXTURING UNITY_PRETRANSFORM_TO_DISPLAY_ORIENTATION UNITY_ASTC_NORMALMAP_ENCODING SHADER_API_GLES30 flags=0 lang=0 type=Vertex platform=d3d11 reqs=4075 mask=6 start=68 ok=1 outsize=2234

Cmd: disassembleShader
 name=Standard platform=d3d11 type=15 mask=6 insize=2234 outsize=3870 ok=1

Cmd: disassembleShader
 name=Standard platform=d3d11 type=15 mask=6 insize=2358 outsize=4076 ok=1

Cmd: compileSnippet
  insize=1647 file=Assets/DefaultResourcesExtra/Standard pass=FORWARD cachingPP=1 ppOnly=0 stripLineD=0 buildPlatform=21 rsLen=0 pKW=UNITY_ENABLE_REFLECTION_BUFFERS UNITY_NO_SCREENSPACE_SHADOWS UNITY_PBS_USE_BRDF3 UNITY_HARDWARE_TIER1 UNITY_COLORSPACE_GAMMA UNITY_LIGHTMAP_FULL_HDR UNITY_PASS_FORWARDBASE uKW=DIRECTIONAL VERTEXLIGHT_ON _ALPHABLEND_ON dKW=FOG_LINEAR FOG_EXP FOG_EXP2 INSTANCING_ON _NORMALMAP _ALPHATEST_ON _ALPHAPREMULTIPLY_ON _METALLICGLOSSMAP _PARALLAXMAP LIGHTPROBE_SH SHADOWS_SHADOWMASK DYNAMICLIGHTMAP_ON LIGHTMAP_ON LIGHTMAP_SHADOW_MIXING DIRLIGHTMAP_COMBINED SHADOWS_SCREEN UNITY_NO_DXT5nm UNITY_ENABLE_NATIVE_SHADOW_LOOKUPS UNITY_METAL_SHADOWS_USE_POINT_FILTERING UNITY_USE_DITHER_MASK_FOR_ALPHABLENDED_SHADOWS UNITY_PBS_USE_BRDF1 UNITY_PBS_USE_BRDF2 UNITY_NO_FULL_STANDARD_SHADER UNITY_SPECCUBE_BOX_PROJECTION UNITY_SPECCUBE_BLENDING UNITY_ENABLE_DETAIL_NORMALMAP UNITY_HARDWARE_TIER2 UNITY_HARDWARE_TIER3 UNITY_LIGHT_PROBE_PROXY_VOLUME UNITY_HALF_PRECISION_FRAGMENT_SHADER_REGISTERS UNITY_LIGHTMAP_DLDR_ENCODING UNITY_LIGHTMAP_RGBM_ENCODING UNITY_VIRTUAL_TEXTURING UNITY_PRETRANSFORM_TO_DISPLAY_ORIENTATION UNITY_ASTC_NORMALMAP_ENCODING SHADER_API_GLES30 flags=0 lang=0 type=Vertex platform=d3d11 reqs=227 mask=6 start=68 ok=1 outsize=1670

Cmd: disassembleShader
 name=Standard platform=d3d11 type=15 mask=6 insize=1670 outsize=2982 ok=1

Cmd: disassembleShader
 name=Standard platform=d3d11 type=15 mask=6 insize=2482 outsize=4232 ok=1

Cmd: compileSnippet
  insize=1647 file=Assets/DefaultResourcesExtra/Standard pass=FORWARD cachingPP=1 ppOnly=0 stripLineD=0 buildPlatform=21 rsLen=0 pKW=UNITY_ENABLE_REFLECTION_BUFFERS UNITY_USE_DITHER_MASK_FOR_ALPHABLENDED_SHADOWS UNITY_PBS_USE_BRDF1 UNITY_SPECCUBE_BOX_PROJECTION UNITY_SPECCUBE_BLENDING UNITY_ENABLE_DETAIL_NORMALMAP UNITY_HARDWARE_TIER3 UNITY_COLORSPACE_GAMMA UNITY_LIGHT_PROBE_PROXY_VOLUME UNITY_LIGHTMAP_FULL_HDR UNITY_PASS_FORWARDBASE uKW=DIRECTIONAL SHADOWS_SCREEN VERTEXLIGHT_ON STEREO_INSTANCING_ON _ALPHABLEND_ON dKW=FOG_LINEAR FOG_EXP FOG_EXP2 INSTANCING_ON _NORMALMAP _ALPHATEST_ON _ALPHAPREMULTIPLY_ON _METALLICGLOSSMAP _PARALLAXMAP LIGHTPROBE_SH SHADOWS_SHADOWMASK DYNAMICLIGHTMAP_ON LIGHTMAP_ON LIGHTMAP_SHADOW_MIXING DIRLIGHTMAP_COMBINED UNITY_NO_DXT5nm UNITY_ENABLE_NATIVE_SHADOW_LOOKUPS UNITY_METAL_SHADOWS_USE_POINT_FILTERING UNITY_NO_SCREENSPACE_SHADOWS UNITY_PBS_USE_BRDF2 UNITY_PBS_USE_BRDF3 UNITY_NO_FULL_STANDARD_SHADER UNITY_HARDWARE_TIER1 UNITY_HARDWARE_TIER2 UNITY_HALF_PRECISION_FRAGMENT_SHADER_REGISTERS UNITY_LIGHTMAP_DLDR_ENCODING UNITY_LIGHTMAP_RGBM_ENCODING UNITY_VIRTUAL_TEXTURING UNITY_PRETRANSFORM_TO_DISPLAY_ORIENTATION UNITY_ASTC_NORMALMAP_ENCODING SHADER_API_GLES30 flags=0 lang=0 type=Vertex platform=d3d11 reqs=4075 mask=6 start=68 ok=1 outsize=2102

Cmd: disassembleShader
 name=Standard platform=d3d11 type=15 mask=6 insize=2102 outsize=3748 ok=1

Cmd: disassembleShader
 name=Standard platform=d3d11 type=15 mask=6 insize=1670 outsize=2982 ok=1

Cmd: disassembleShader
 name=Standard platform=d3d11 type=15 mask=6 insize=1670 outsize=2982 ok=1

Cmd: disassembleShader
 name=Standard platform=d3d11 type=15 mask=6 insize=1670 outsize=2982 ok=1

Cmd: disassembleShader
 name=Standard platform=d3d11 type=15 mask=6 insize=1978 outsize=3542 ok=1

Cmd: disassembleShader
 name=Standard platform=d3d11 type=15 mask=6 insize=1978 outsize=3542 ok=1

Cmd: disassembleShader
 name=Standard platform=d3d11 type=17 mask=6 insize=7238 outsize=10195 ok=1

Cmd: compileSnippet
  insize=1647 file=Assets/DefaultResourcesExtra/Standard pass=FORWARD cachingPP=1 ppOnly=0 stripLineD=0 buildPlatform=21 rsLen=0 pKW=UNITY_ENABLE_REFLECTION_BUFFERS UNITY_NO_SCREENSPACE_SHADOWS UNITY_PBS_USE_BRDF3 UNITY_HARDWARE_TIER1 UNITY_COLORSPACE_GAMMA UNITY_LIGHTMAP_FULL_HDR UNITY_PASS_FORWARDBASE uKW=DIRECTIONAL LIGHTPROBE_SH _ALPHABLEND_ON dKW=_EMISSION FOG_LINEAR FOG_EXP FOG_EXP2 INSTANCING_ON _NORMALMAP _ALPHATEST_ON _ALPHAPREMULTIPLY_ON _METALLICGLOSSMAP _DETAIL_MULX2 _SMOOTHNESS_TEXTURE_ALBEDO_CHANNEL_A _SPECULARHIGHLIGHTS_OFF _GLOSSYREFLECTIONS_OFF _PARALLAXMAP SHADOWS_SHADOWMASK DYNAMICLIGHTMAP_ON LIGHTMAP_ON LIGHTMAP_SHADOW_MIXING DIRLIGHTMAP_COMBINED SHADOWS_SCREEN UNITY_NO_DXT5nm UNITY_ENABLE_NATIVE_SHADOW_LOOKUPS UNITY_METAL_SHADOWS_USE_POINT_FILTERING UNITY_USE_DITHER_MASK_FOR_ALPHABLENDED_SHADOWS UNITY_PBS_USE_BRDF1 UNITY_PBS_USE_BRDF2 UNITY_NO_FULL_STANDARD_SHADER UNITY_SPECCUBE_BOX_PROJECTION UNITY_SPECCUBE_BLENDING UNITY_ENABLE_DETAIL_NORMALMAP UNITY_HARDWARE_TIER2 UNITY_HARDWARE_TIER3 UNITY_LIGHT_PROBE_PROXY_VOLUME UNITY_HALF_PRECISION_FRAGMENT_SHADER_REGISTERS UNITY_LIGHTMAP_DLDR_ENCODING UNITY_LIGHTMAP_RGBM_ENCODING UNITY_VIRTUAL_TEXTURING UNITY_PRETRANSFORM_TO_DISPLAY_ORIENTATION UNITY_ASTC_NORMALMAP_ENCODING SHADER_API_GLES30 flags=0 lang=0 type=Fragment platform=d3d11 reqs=227 mask=6 start=68 ok=1 outsize=2654

Cmd: disassembleShader
 name=Standard platform=d3d11 type=17 mask=6 insize=2654 outsize=4344 ok=1

Cmd: compileSnippet
  insize=1647 file=Assets/DefaultResourcesExtra/Standard pass=FORWARD cachingPP=1 ppOnly=0 stripLineD=0 buildPlatform=21 rsLen=0 pKW=UNITY_ENABLE_REFLECTION_BUFFERS UNITY_USE_DITHER_MASK_FOR_ALPHABLENDED_SHADOWS UNITY_PBS_USE_BRDF1 UNITY_SPECCUBE_BOX_PROJECTION UNITY_SPECCUBE_BLENDING UNITY_ENABLE_DETAIL_NORMALMAP UNITY_HARDWARE_TIER2 UNITY_COLORSPACE_GAMMA UNITY_LIGHT_PROBE_PROXY_VOLUME UNITY_LIGHTMAP_FULL_HDR UNITY_PASS_FORWARDBASE uKW=DIRECTIONAL SHADOWS_SCREEN _EMISSION STEREO_INSTANCING_ON dKW=FOG_LINEAR FOG_EXP FOG_EXP2 INSTANCING_ON _NORMALMAP _ALPHATEST_ON _ALPHABLEND_ON _ALPHAPREMULTIPLY_ON _METALLICGLOSSMAP _DETAIL_MULX2 _SMOOTHNESS_TEXTURE_ALBEDO_CHANNEL_A _SPECULARHIGHLIGHTS_OFF _GLOSSYREFLECTIONS_OFF _PARALLAXMAP LIGHTPROBE_SH SHADOWS_SHADOWMASK DYNAMICLIGHTMAP_ON LIGHTMAP_ON LIGHTMAP_SHADOW_MIXING DIRLIGHTMAP_COMBINED UNITY_NO_DXT5nm UNITY_ENABLE_NATIVE_SHADOW_LOOKUPS UNITY_METAL_SHADOWS_USE_POINT_FILTERING UNITY_NO_SCREENSPACE_SHADOWS UNITY_PBS_USE_BRDF2 UNITY_PBS_USE_BRDF3 UNITY_NO_FULL_STANDARD_SHADER UNITY_HARDWARE_TIER1 UNITY_HARDWARE_TIER3 UNITY_HALF_PRECISION_FRAGMENT_SHADER_REGISTERS UNITY_LIGHTMAP_DLDR_ENCODING UNITY_LIGHTMAP_RGBM_ENCODING UNITY_VIRTUAL_TEXTURING UNITY_PRETRANSFORM_TO_DISPLAY_ORIENTATION UNITY_ASTC_NORMALMAP_ENCODING SHADER_API_GLES30 flags=0 lang=0 type=Fragment platform=d3d11 reqs=4075 mask=6 start=68 ok=1 outsize=6350

Cmd: disassembleShader
 name=Standard platform=d3d11 type=17 mask=6 insize=6350 outsize=8975 ok=1

Cmd: compileSnippet
  insize=1647 file=Assets/DefaultResourcesExtra/Standard pass=FORWARD cachingPP=1 ppOnly=0 stripLineD=0 buildPlatform=21 rsLen=0 pKW=UNITY_ENABLE_REFLECTION_BUFFERS UNITY_USE_DITHER_MASK_FOR_ALPHABLENDED_SHADOWS UNITY_PBS_USE_BRDF1 UNITY_SPECCUBE_BOX_PROJECTION UNITY_SPECCUBE_BLENDING UNITY_ENABLE_DETAIL_NORMALMAP UNITY_HARDWARE_TIER3 UNITY_COLORSPACE_GAMMA UNITY_LIGHT_PROBE_PROXY_VOLUME UNITY_LIGHTMAP_FULL_HDR UNITY_PASS_FORWARDBASE uKW=DIRECTIONAL _EMISSION STEREO_INSTANCING_ON dKW=FOG_LINEAR FOG_EXP FOG_EXP2 INSTANCING_ON _NORMALMAP _ALPHATEST_ON _ALPHABLEND_ON _ALPHAPREMULTIPLY_ON _METALLICGLOSSMAP _DETAIL_MULX2 _SMOOTHNESS_TEXTURE_ALBEDO_CHANNEL_A _SPECULARHIGHLIGHTS_OFF _GLOSSYREFLECTIONS_OFF _PARALLAXMAP LIGHTPROBE_SH SHADOWS_SHADOWMASK DYNAMICLIGHTMAP_ON LIGHTMAP_ON LIGHTMAP_SHADOW_MIXING DIRLIGHTMAP_COMBINED SHADOWS_SCREEN UNITY_NO_DXT5nm UNITY_ENABLE_NATIVE_SHADOW_LOOKUPS UNITY_METAL_SHADOWS_USE_POINT_FILTERING UNITY_NO_SCREENSPACE_SHADOWS UNITY_PBS_USE_BRDF2 UNITY_PBS_USE_BRDF3 UNITY_NO_FULL_STANDARD_SHADER UNITY_HARDWARE_TIER1 UNITY_HARDWARE_TIER2 UNITY_HALF_PRECISION_FRAGMENT_SHADER_REGISTERS UNITY_LIGHTMAP_DLDR_ENCODING UNITY_LIGHTMAP_RGBM_ENCODING UNITY_VIRTUAL_TEXTURING UNITY_PRETRANSFORM_TO_DISPLAY_ORIENTATION UNITY_ASTC_NORMALMAP_ENCODING SHADER_API_GLES30 flags=0 lang=0 type=Fragment platform=d3d11 reqs=4075 mask=6 start=68 ok=1 outsize=5814

Cmd: disassembleShader
 name=Standard platform=d3d11 type=17 mask=6 insize=5814 outsize=8235 ok=1

Cmd: compileSnippet
  insize=1487 file=Assets/DefaultResourcesExtra/Standard pass=FORWARD_DELTA cachingPP=1 ppOnly=0 stripLineD=0 buildPlatform=21 rsLen=0 pKW=UNITY_ENABLE_REFLECTION_BUFFERS UNITY_NO_SCREENSPACE_SHADOWS UNITY_PBS_USE_BRDF3 UNITY_HARDWARE_TIER1 UNITY_COLORSPACE_GAMMA UNITY_LIGHTMAP_FULL_HDR UNITY_PASS_FORWARDADD uKW=DIRECTIONAL _ALPHABLEND_ON dKW=FOG_LINEAR FOG_EXP FOG_EXP2 _NORMALMAP _ALPHATEST_ON _ALPHAPREMULTIPLY_ON _METALLICGLOSSMAP _PARALLAXMAP POINT SPOT POINT_COOKIE DIRECTIONAL_COOKIE SHADOWS_SHADOWMASK LIGHTMAP_SHADOW_MIXING SHADOWS_DEPTH SHADOWS_SOFT SHADOWS_SCREEN SHADOWS_CUBE UNITY_NO_DXT5nm UNITY_ENABLE_NATIVE_SHADOW_LOOKUPS UNITY_METAL_SHADOWS_USE_POINT_FILTERING UNITY_USE_DITHER_MASK_FOR_ALPHABLENDED_SHADOWS UNITY_PBS_USE_BRDF1 UNITY_PBS_USE_BRDF2 UNITY_NO_FULL_STANDARD_SHADER UNITY_SPECCUBE_BOX_PROJECTION UNITY_SPECCUBE_BLENDING UNITY_ENABLE_DETAIL_NORMALMAP UNITY_HARDWARE_TIER2 UNITY_HARDWARE_TIER3 UNITY_LIGHT_PROBE_PROXY_VOLUME UNITY_HALF_PRECISION_FRAGMENT_SHADER_REGISTERS UNITY_LIGHTMAP_DLDR_ENCODING UNITY_LIGHTMAP_RGBM_ENCODING UNITY_VIRTUAL_TEXTURING UNITY_PRETRANSFORM_TO_DISPLAY_ORIENTATION UNITY_ASTC_NORMALMAP_ENCODING SHADER_API_GLES30 flags=0 lang=0 type=Vertex platform=d3d11 reqs=227 mask=6 start=106 ok=1 outsize=1722

Cmd: disassembleShader
 name=Standard platform=d3d11 type=15 mask=6 insize=1722 outsize=3080 ok=1

Cmd: compileSnippet
  insize=1487 file=Assets/DefaultResourcesExtra/Standard pass=FORWARD_DELTA cachingPP=1 ppOnly=0 stripLineD=0 buildPlatform=21 rsLen=0 pKW=UNITY_ENABLE_REFLECTION_BUFFERS UNITY_USE_DITHER_MASK_FOR_ALPHABLENDED_SHADOWS UNITY_PBS_USE_BRDF1 UNITY_SPECCUBE_BOX_PROJECTION UNITY_SPECCUBE_BLENDING UNITY_ENABLE_DETAIL_NORMALMAP UNITY_HARDWARE_TIER2 UNITY_COLORSPACE_GAMMA UNITY_LIGHT_PROBE_PROXY_VOLUME UNITY_LIGHTMAP_FULL_HDR UNITY_PASS_FORWARDADD uKW=POINT_COOKIE STEREO_INSTANCING_ON _ALPHABLEND_ON dKW=FOG_LINEAR FOG_EXP FOG_EXP2 _NORMALMAP _ALPHATEST_ON _ALPHAPREMULTIPLY_ON _METALLICGLOSSMAP _PARALLAXMAP POINT DIRECTIONAL SPOT DIRECTIONAL_COOKIE SHADOWS_SHADOWMASK LIGHTMAP_SHADOW_MIXING SHADOWS_DEPTH SHADOWS_SOFT SHADOWS_SCREEN SHADOWS_CUBE UNITY_NO_DXT5nm UNITY_ENABLE_NATIVE_SHADOW_LOOKUPS UNITY_METAL_SHADOWS_USE_POINT_FILTERING UNITY_NO_SCREENSPACE_SHADOWS UNITY_PBS_USE_BRDF2 UNITY_PBS_USE_BRDF3 UNITY_NO_FULL_STANDARD_SHADER UNITY_HARDWARE_TIER1 UNITY_HARDWARE_TIER3 UNITY_HALF_PRECISION_FRAGMENT_SHADER_REGISTERS UNITY_LIGHTMAP_DLDR_ENCODING UNITY_LIGHTMAP_RGBM_ENCODING UNITY_VIRTUAL_TEXTURING UNITY_PRETRANSFORM_TO_DISPLAY_ORIENTATION UNITY_ASTC_NORMALMAP_ENCODING SHADER_API_GLES30 flags=0 lang=0 type=Vertex platform=d3d11 reqs=4075 mask=6 start=106 ok=1 outsize=2186

Cmd: disassembleShader
 name=Standard platform=d3d11 type=15 mask=6 insize=2186 outsize=3857 ok=1

Cmd: disassembleShader
 name=Standard platform=d3d11 type=15 mask=6 insize=2186 outsize=3862 ok=1

Cmd: disassembleShader
 name=Standard platform=d3d11 type=15 mask=6 insize=2330 outsize=3904 ok=1

Cmd: disassembleShader
 name=Standard platform=d3d11 type=15 mask=6 insize=2566 outsize=4351 ok=1

Cmd: compileSnippet
  insize=1487 file=Assets/DefaultResourcesExtra/Standard pass=FORWARD_DELTA cachingPP=1 ppOnly=0 stripLineD=0 buildPlatform=21 rsLen=0 pKW=UNITY_ENABLE_REFLECTION_BUFFERS UNITY_NO_SCREENSPACE_SHADOWS UNITY_PBS_USE_BRDF3 UNITY_HARDWARE_TIER1 UNITY_COLORSPACE_GAMMA UNITY_LIGHTMAP_FULL_HDR UNITY_PASS_FORWARDADD uKW=SPOT SHADOWS_DEPTH SHADOWS_SOFT STEREO_INSTANCING_ON _ALPHABLEND_ON dKW=FOG_LINEAR FOG_EXP FOG_EXP2 _NORMALMAP _ALPHATEST_ON _ALPHAPREMULTIPLY_ON _METALLICGLOSSMAP _PARALLAXMAP POINT DIRECTIONAL POINT_COOKIE DIRECTIONAL_COOKIE SHADOWS_SHADOWMASK LIGHTMAP_SHADOW_MIXING SHADOWS_SCREEN SHADOWS_CUBE UNITY_NO_DXT5nm UNITY_ENABLE_NATIVE_SHADOW_LOOKUPS UNITY_METAL_SHADOWS_USE_POINT_FILTERING UNITY_USE_DITHER_MASK_FOR_ALPHABLENDED_SHADOWS UNITY_PBS_USE_BRDF1 UNITY_PBS_USE_BRDF2 UNITY_NO_FULL_STANDARD_SHADER UNITY_SPECCUBE_BOX_PROJECTION UNITY_SPECCUBE_BLENDING UNITY_ENABLE_DETAIL_NORMALMAP UNITY_HARDWARE_TIER2 UNITY_HARDWARE_TIER3 UNITY_LIGHT_PROBE_PROXY_VOLUME UNITY_HALF_PRECISION_FRAGMENT_SHADER_REGISTERS UNITY_LIGHTMAP_DLDR_ENCODING UNITY_LIGHTMAP_RGBM_ENCODING UNITY_VIRTUAL_TEXTURING UNITY_PRETRANSFORM_TO_DISPLAY_ORIENTATION UNITY_ASTC_NORMALMAP_ENCODING SHADER_API_GLES30 flags=0 lang=0 type=Vertex platform=d3d11 reqs=4075 mask=6 start=106 ok=1 outsize=2186

Cmd: disassembleShader
 name=Standard platform=d3d11 type=15 mask=6 insize=2186 outsize=3867 ok=1

Cmd: disassembleShader
 name=Standard platform=d3d11 type=15 mask=6 insize=2086 outsize=3594 ok=1

Cmd: disassembleShader
 name=Standard platform=d3d11 type=15 mask=6 insize=2330 outsize=3894 ok=1

Cmd: compileSnippet
  insize=1487 file=Assets/DefaultResourcesExtra/Standard pass=FORWARD_DELTA cachingPP=1 ppOnly=0 stripLineD=0 buildPlatform=21 rsLen=0 pKW=UNITY_ENABLE_REFLECTION_BUFFERS UNITY_USE_DITHER_MASK_FOR_ALPHABLENDED_SHADOWS UNITY_PBS_USE_BRDF1 UNITY_SPECCUBE_BOX_PROJECTION UNITY_SPECCUBE_BLENDING UNITY_ENABLE_DETAIL_NORMALMAP UNITY_HARDWARE_TIER3 UNITY_COLORSPACE_GAMMA UNITY_LIGHT_PROBE_PROXY_VOLUME UNITY_LIGHTMAP_FULL_HDR UNITY_PASS_FORWARDADD uKW=POINT SHADOWS_CUBE _ALPHABLEND_ON dKW=FOG_LINEAR FOG_EXP FOG_EXP2 _NORMALMAP _ALPHATEST_ON _ALPHAPREMULTIPLY_ON _METALLICGLOSSMAP _PARALLAXMAP DIRECTIONAL SPOT POINT_COOKIE DIRECTIONAL_COOKIE SHADOWS_SHADOWMASK LIGHTMAP_SHADOW_MIXING SHADOWS_DEPTH SHADOWS_SOFT SHADOWS_SCREEN UNITY_NO_DXT5nm UNITY_ENABLE_NATIVE_SHADOW_LOOKUPS UNITY_METAL_SHADOWS_USE_POINT_FILTERING UNITY_NO_SCREENSPACE_SHADOWS UNITY_PBS_USE_BRDF2 UNITY_PBS_USE_BRDF3 UNITY_NO_FULL_STANDARD_SHADER UNITY_HARDWARE_TIER1 UNITY_HARDWARE_TIER2 UNITY_HALF_PRECISION_FRAGMENT_SHADER_REGISTERS UNITY_LIGHTMAP_DLDR_ENCODING UNITY_LIGHTMAP_RGBM_ENCODING UNITY_VIRTUAL_TEXTURING UNITY_PRETRANSFORM_TO_DISPLAY_ORIENTATION UNITY_ASTC_NORMALMAP_ENCODING SHADER_API_GLES30 flags=0 lang=0 type=Vertex platform=d3d11 reqs=227 mask=6 start=106 ok=1 outsize=1950

Cmd: disassembleShader
 name=Standard platform=d3d11 type=15 mask=6 insize=1950 outsize=3410 ok=1

Cmd: disassembleShader
 name=Standard platform=d3d11 type=15 mask=6 insize=1950 outsize=3410 ok=1

Cmd: disassembleShader
 name=Standard platform=d3d11 type=15 mask=6 insize=2186 outsize=3857 ok=1

Cmd: disassembleShader
 name=Standard platform=d3d11 type=15 mask=6 insize=1950 outsize=3410 ok=1

Cmd: disassembleShader
 name=Standard platform=d3d11 type=15 mask=6 insize=2330 outsize=3894 ok=1

Cmd: disassembleShader
 name=Standard platform=d3d11 type=15 mask=6 insize=2566 outsize=4341 ok=1

Cmd: compileSnippet
  insize=1487 file=Assets/DefaultResourcesExtra/Standard pass=FORWARD_DELTA cachingPP=1 ppOnly=0 stripLineD=0 buildPlatform=21 rsLen=0 pKW=UNITY_ENABLE_REFLECTION_BUFFERS UNITY_USE_DITHER_MASK_FOR_ALPHABLENDED_SHADOWS UNITY_PBS_USE_BRDF1 UNITY_SPECCUBE_BOX_PROJECTION UNITY_SPECCUBE_BLENDING UNITY_ENABLE_DETAIL_NORMALMAP UNITY_HARDWARE_TIER2 UNITY_COLORSPACE_GAMMA UNITY_LIGHT_PROBE_PROXY_VOLUME UNITY_LIGHTMAP_FULL_HDR UNITY_PASS_FORWARDADD uKW=POINT STEREO_INSTANCING_ON _ALPHABLEND_ON dKW=FOG_LINEAR FOG_EXP FOG_EXP2 _NORMALMAP _ALPHATEST_ON _ALPHAPREMULTIPLY_ON _METALLICGLOSSMAP _PARALLAXMAP DIRECTIONAL SPOT POINT_COOKIE DIRECTIONAL_COOKIE SHADOWS_SHADOWMASK LIGHTMAP_SHADOW_MIXING SHADOWS_DEPTH SHADOWS_SOFT SHADOWS_SCREEN SHADOWS_CUBE UNITY_NO_DXT5nm UNITY_ENABLE_NATIVE_SHADOW_LOOKUPS UNITY_METAL_SHADOWS_USE_POINT_FILTERING UNITY_NO_SCREENSPACE_SHADOWS UNITY_PBS_USE_BRDF2 UNITY_PBS_USE_BRDF3 UNITY_NO_FULL_STANDARD_SHADER UNITY_HARDWARE_TIER1 UNITY_HARDWARE_TIER3 UNITY_HALF_PRECISION_FRAGMENT_SHADER_REGISTERS UNITY_LIGHTMAP_DLDR_ENCODING UNITY_LIGHTMAP_RGBM_ENCODING UNITY_VIRTUAL_TEXTURING UNITY_PRETRANSFORM_TO_DISPLAY_ORIENTATION UNITY_ASTC_NORMALMAP_ENCODING SHADER_API_GLES30 flags=0 lang=0 type=Vertex platform=d3d11 reqs=4075 mask=6 start=106 ok=1 outsize=2186

Cmd: disassembleShader
 name=Standard platform=d3d11 type=15 mask=6 insize=2186 outsize=3857 ok=1

Cmd: disassembleShader
 name=Standard platform=d3d11 type=17 mask=6 insize=1802 outsize=3181 ok=1

Cmd: compileSnippet
  insize=1487 file=Assets/DefaultResourcesExtra/Standard pass=FORWARD_DELTA cachingPP=1 ppOnly=0 stripLineD=0 buildPlatform=21 rsLen=0 pKW=UNITY_ENABLE_REFLECTION_BUFFERS UNITY_USE_DITHER_MASK_FOR_ALPHABLENDED_SHADOWS UNITY_PBS_USE_BRDF1 UNITY_SPECCUBE_BOX_PROJECTION UNITY_SPECCUBE_BLENDING UNITY_ENABLE_DETAIL_NORMALMAP UNITY_HARDWARE_TIER2 UNITY_COLORSPACE_GAMMA UNITY_LIGHT_PROBE_PROXY_VOLUME UNITY_LIGHTMAP_FULL_HDR UNITY_PASS_FORWARDADD uKW=DIRECTIONAL STEREO_INSTANCING_ON _ALPHABLEND_ON dKW=FOG_LINEAR FOG_EXP FOG_EXP2 _NORMALMAP _ALPHATEST_ON _ALPHAPREMULTIPLY_ON _METALLICGLOSSMAP _SMOOTHNESS_TEXTURE_ALBEDO_CHANNEL_A _SPECULARHIGHLIGHTS_OFF _DETAIL_MULX2 _PARALLAXMAP POINT SPOT POINT_COOKIE DIRECTIONAL_COOKIE SHADOWS_SHADOWMASK LIGHTMAP_SHADOW_MIXING SHADOWS_DEPTH SHADOWS_SOFT SHADOWS_SCREEN SHADOWS_CUBE UNITY_NO_DXT5nm UNITY_ENABLE_NATIVE_SHADOW_LOOKUPS UNITY_METAL_SHADOWS_USE_POINT_FILTERING UNITY_NO_SCREENSPACE_SHADOWS UNITY_PBS_USE_BRDF2 UNITY_PBS_USE_BRDF3 UNITY_NO_FULL_STANDARD_SHADER UNITY_HARDWARE_TIER1 UNITY_HARDWARE_TIER3 UNITY_HALF_PRECISION_FRAGMENT_SHADER_REGISTERS UNITY_LIGHTMAP_DLDR_ENCODING UNITY_LIGHTMAP_RGBM_ENCODING UNITY_VIRTUAL_TEXTURING UNITY_PRETRANSFORM_TO_DISPLAY_ORIENTATION UNITY_ASTC_NORMALMAP_ENCODING SHADER_API_GLES30 flags=0 lang=0 type=Fragment platform=d3d11 reqs=4075 mask=6 start=106 ok=1 outsize=3470

Cmd: disassembleShader
 name=Standard platform=d3d11 type=17 mask=6 insize=3470 outsize=5062 ok=1

Cmd: disassembleShader
 name=Standard platform=d3d11 type=17 mask=6 insize=1774 outsize=3131 ok=1

Cmd: disassembleShader
 name=Standard platform=d3d11 type=17 mask=6 insize=3746 outsize=5468 ok=1

Cmd: disassembleShader
 name=Standard platform=d3d11 type=17 mask=6 insize=3746 outsize=5468 ok=1

Cmd: disassembleShader
 name=Standard platform=d3d11 type=17 mask=6 insize=1822 outsize=3206 ok=1

Cmd: disassembleShader
 name=Standard platform=d3d11 type=17 mask=6 insize=3794 outsize=5543 ok=1

Cmd: disassembleShader
 name=Standard platform=d3d11 type=17 mask=6 insize=3670 outsize=5392 ok=1

Cmd: disassembleShader
 name=Standard platform=d3d11 type=17 mask=6 insize=3718 outsize=5467 ok=1

Cmd: disassembleShader
 name=Standard platform=d3d11 type=17 mask=6 insize=5182 outsize=7462 ok=1

Cmd: compileSnippet
  insize=1487 file=Assets/DefaultResourcesExtra/Standard pass=FORWARD_DELTA cachingPP=1 ppOnly=0 stripLineD=0 buildPlatform=21 rsLen=0 pKW=UNITY_ENABLE_REFLECTION_BUFFERS UNITY_NO_SCREENSPACE_SHADOWS UNITY_PBS_USE_BRDF3 UNITY_HARDWARE_TIER1 UNITY_COLORSPACE_GAMMA UNITY_LIGHTMAP_FULL_HDR UNITY_PASS_FORWARDADD uKW=SPOT SHADOWS_DEPTH _ALPHABLEND_ON dKW=FOG_LINEAR FOG_EXP FOG_EXP2 _NORMALMAP _ALPHATEST_ON _ALPHAPREMULTIPLY_ON _METALLICGLOSSMAP _SMOOTHNESS_TEXTURE_ALBEDO_CHANNEL_A _SPECULARHIGHLIGHTS_OFF _DETAIL_MULX2 _PARALLAXMAP POINT DIRECTIONAL POINT_COOKIE DIRECTIONAL_COOKIE SHADOWS_SHADOWMASK LIGHTMAP_SHADOW_MIXING SHADOWS_SOFT SHADOWS_SCREEN SHADOWS_CUBE UNITY_NO_DXT5nm UNITY_ENABLE_NATIVE_SHADOW_LOOKUPS UNITY_METAL_SHADOWS_USE_POINT_FILTERING UNITY_USE_DITHER_MASK_FOR_ALPHABLENDED_SHADOWS UNITY_PBS_USE_BRDF1 UNITY_PBS_USE_BRDF2 UNITY_NO_FULL_STANDARD_SHADER UNITY_SPECCUBE_BOX_PROJECTION UNITY_SPECCUBE_BLENDING UNITY_ENABLE_DETAIL_NORMALMAP UNITY_HARDWARE_TIER2 UNITY_HARDWARE_TIER3 UNITY_LIGHT_PROBE_PROXY_VOLUME UNITY_HALF_PRECISION_FRAGMENT_SHADER_REGISTERS UNITY_LIGHTMAP_DLDR_ENCODING UNITY_LIGHTMAP_RGBM_ENCODING UNITY_VIRTUAL_TEXTURING UNITY_PRETRANSFORM_TO_DISPLAY_ORIENTATION UNITY_ASTC_NORMALMAP_ENCODING SHADER_API_GLES30 flags=0 lang=0 type=Fragment platform=d3d11 reqs=227 mask=6 start=106 ok=1 outsize=2858

Cmd: disassembleShader
 name=Standard platform=d3d11 type=17 mask=6 insize=2858 outsize=4595 ok=1

Cmd: compileSnippet
  insize=1487 file=Assets/DefaultResourcesExtra/Standard pass=FORWARD_DELTA cachingPP=1 ppOnly=0 stripLineD=0 buildPlatform=21 rsLen=0 pKW=UNITY_ENABLE_REFLECTION_BUFFERS UNITY_NO_SCREENSPACE_SHADOWS UNITY_PBS_USE_BRDF3 UNITY_HARDWARE_TIER1 UNITY_COLORSPACE_GAMMA UNITY_LIGHTMAP_FULL_HDR UNITY_PASS_FORWARDADD uKW=DIRECTIONAL SHADOWS_SCREEN STEREO_INSTANCING_ON _ALPHABLEND_ON dKW=FOG_LINEAR FOG_EXP FOG_EXP2 _NORMALMAP _ALPHATEST_ON _ALPHAPREMULTIPLY_ON _METALLICGLOSSMAP _SMOOTHNESS_TEXTURE_ALBEDO_CHANNEL_A _SPECULARHIGHLIGHTS_OFF _DETAIL_MULX2 _PARALLAXMAP POINT SPOT POINT_COOKIE DIRECTIONAL_COOKIE SHADOWS_SHADOWMASK LIGHTMAP_SHADOW_MIXING SHADOWS_DEPTH SHADOWS_SOFT SHADOWS_CUBE UNITY_NO_DXT5nm UNITY_ENABLE_NATIVE_SHADOW_LOOKUPS UNITY_METAL_SHADOWS_USE_POINT_FILTERING UNITY_USE_DITHER_MASK_FOR_ALPHABLENDED_SHADOWS UNITY_PBS_USE_BRDF1 UNITY_PBS_USE_BRDF2 UNITY_NO_FULL_STANDARD_SHADER UNITY_SPECCUBE_BOX_PROJECTION UNITY_SPECCUBE_BLENDING UNITY_ENABLE_DETAIL_NORMALMAP UNITY_HARDWARE_TIER2 UNITY_HARDWARE_TIER3 UNITY_LIGHT_PROBE_PROXY_VOLUME UNITY_HALF_PRECISION_FRAGMENT_SHADER_REGISTERS UNITY_LIGHTMAP_DLDR_ENCODING UNITY_LIGHTMAP_RGBM_ENCODING UNITY_VIRTUAL_TEXTURING UNITY_PRETRANSFORM_TO_DISPLAY_ORIENTATION UNITY_ASTC_NORMALMAP_ENCODING SHADER_API_GLES30 flags=0 lang=0 type=Fragment platform=d3d11 reqs=4075 mask=6 start=106 ok=1 outsize=2350

Cmd: disassembleShader
 name=Standard platform=d3d11 type=17 mask=6 insize=2350 outsize=3820 ok=1

Cmd: compileSnippet
  insize=1487 file=Assets/DefaultResourcesExtra/Standard pass=FORWARD_DELTA cachingPP=1 ppOnly=0 stripLineD=0 buildPlatform=21 rsLen=0 pKW=UNITY_ENABLE_REFLECTION_BUFFERS UNITY_USE_DITHER_MASK_FOR_ALPHABLENDED_SHADOWS UNITY_PBS_USE_BRDF1 UNITY_SPECCUBE_BOX_PROJECTION UNITY_SPECCUBE_BLENDING UNITY_ENABLE_DETAIL_NORMALMAP UNITY_HARDWARE_TIER3 UNITY_COLORSPACE_GAMMA UNITY_LIGHT_PROBE_PROXY_VOLUME UNITY_LIGHTMAP_FULL_HDR UNITY_PASS_FORWARDADD uKW=DIRECTIONAL_COOKIE SHADOWS_SCREEN STEREO_INSTANCING_ON _ALPHABLEND_ON dKW=FOG_LINEAR FOG_EXP FOG_EXP2 _NORMALMAP _ALPHATEST_ON _ALPHAPREMULTIPLY_ON _METALLICGLOSSMAP _SMOOTHNESS_TEXTURE_ALBEDO_CHANNEL_A _SPECULARHIGHLIGHTS_OFF _DETAIL_MULX2 _PARALLAXMAP POINT DIRECTIONAL SPOT POINT_COOKIE SHADOWS_SHADOWMASK LIGHTMAP_SHADOW_MIXING SHADOWS_DEPTH SHADOWS_SOFT SHADOWS_CUBE UNITY_NO_DXT5nm UNITY_ENABLE_NATIVE_SHADOW_LOOKUPS UNITY_METAL_SHADOWS_USE_POINT_FILTERING UNITY_NO_SCREENSPACE_SHADOWS UNITY_PBS_USE_BRDF2 UNITY_PBS_USE_BRDF3 UNITY_NO_FULL_STANDARD_SHADER UNITY_HARDWARE_TIER1 UNITY_HARDWARE_TIER2 UNITY_HALF_PRECISION_FRAGMENT_SHADER_REGISTERS UNITY_LIGHTMAP_DLDR_ENCODING UNITY_LIGHTMAP_RGBM_ENCODING UNITY_VIRTUAL_TEXTURING UNITY_PRETRANSFORM_TO_DISPLAY_ORIENTATION UNITY_ASTC_NORMALMAP_ENCODING SHADER_API_GLES30 flags=0 lang=0 type=Fragment platform=d3d11 reqs=4075 mask=6 start=106 ok=1 outsize=4386

Cmd: disassembleShader
 name=Standard platform=d3d11 type=17 mask=6 insize=4386 outsize=6360 ok=1

Cmd: compileSnippet
  insize=1487 file=Assets/DefaultResourcesExtra/Standard pass=FORWARD_DELTA cachingPP=1 ppOnly=0 stripLineD=0 buildPlatform=21 rsLen=0 pKW=UNITY_ENABLE_REFLECTION_BUFFERS UNITY_USE_DITHER_MASK_FOR_ALPHABLENDED_SHADOWS UNITY_PBS_USE_BRDF1 UNITY_SPECCUBE_BOX_PROJECTION UNITY_SPECCUBE_BLENDING UNITY_ENABLE_DETAIL_NORMALMAP UNITY_HARDWARE_TIER2 UNITY_COLORSPACE_GAMMA UNITY_LIGHT_PROBE_PROXY_VOLUME UNITY_LIGHTMAP_FULL_HDR UNITY_PASS_FORWARDADD uKW=POINT_COOKIE SHADOWS_CUBE STEREO_INSTANCING_ON _ALPHABLEND_ON dKW=FOG_LINEAR FOG_EXP FOG_EXP2 _NORMALMAP _ALPHATEST_ON _ALPHAPREMULTIPLY_ON _METALLICGLOSSMAP _SMOOTHNESS_TEXTURE_ALBEDO_CHANNEL_A _SPECULARHIGHLIGHTS_OFF _DETAIL_MULX2 _PARALLAXMAP POINT DIRECTIONAL SPOT DIRECTIONAL_COOKIE SHADOWS_SHADOWMASK LIGHTMAP_SHADOW_MIXING SHADOWS_DEPTH SHADOWS_SOFT SHADOWS_SCREEN UNITY_NO_DXT5nm UNITY_ENABLE_NATIVE_SHADOW_LOOKUPS UNITY_METAL_SHADOWS_USE_POINT_FILTERING UNITY_NO_SCREENSPACE_SHADOWS UNITY_PBS_USE_BRDF2 UNITY_PBS_USE_BRDF3 UNITY_NO_FULL_STANDARD_SHADER UNITY_HARDWARE_TIER1 UNITY_HARDWARE_TIER3 UNITY_HALF_PRECISION_FRAGMENT_SHADER_REGISTERS UNITY_LIGHTMAP_DLDR_ENCODING UNITY_LIGHTMAP_RGBM_ENCODING UNITY_VIRTUAL_TEXTURING UNITY_PRETRANSFORM_TO_DISPLAY_ORIENTATION UNITY_ASTC_NORMALMAP_ENCODING SHADER_API_GLES30 flags=0 lang=0 type=Fragment platform=d3d11 reqs=4075 mask=6 start=106 ok=1 outsize=4906

Cmd: disassembleShader
 name=Standard platform=d3d11 type=17 mask=6 insize=4906 outsize=6943 ok=1

Cmd: compileSnippet
  insize=1311 file=Assets/DefaultResourcesExtra/Standard pass=ShadowCaster cachingPP=1 ppOnly=0 stripLineD=0 buildPlatform=21 rsLen=0 pKW=UNITY_ENABLE_REFLECTION_BUFFERS UNITY_USE_DITHER_MASK_FOR_ALPHABLENDED_SHADOWS UNITY_PBS_USE_BRDF1 UNITY_SPECCUBE_BOX_PROJECTION UNITY_SPECCUBE_BLENDING UNITY_ENABLE_DETAIL_NORMALMAP UNITY_HARDWARE_TIER2 UNITY_COLORSPACE_GAMMA UNITY_LIGHT_PROBE_PROXY_VOLUME UNITY_LIGHTMAP_FULL_HDR UNITY_PASS_SHADOWCASTER uKW=SHADOWS_CUBE STEREO_INSTANCING_ON _ALPHABLEND_ON dKW=INSTANCING_ON _ALPHATEST_ON _ALPHAPREMULTIPLY_ON _METALLICGLOSSMAP _PARALLAXMAP SHADOWS_DEPTH UNITY_NO_DXT5nm UNITY_ENABLE_NATIVE_SHADOW_LOOKUPS UNITY_METAL_SHADOWS_USE_POINT_FILTERING UNITY_NO_SCREENSPACE_SHADOWS UNITY_PBS_USE_BRDF2 UNITY_PBS_USE_BRDF3 UNITY_NO_FULL_STANDARD_SHADER UNITY_HARDWARE_TIER1 UNITY_HARDWARE_TIER3 UNITY_HALF_PRECISION_FRAGMENT_SHADER_REGISTERS UNITY_LIGHTMAP_DLDR_ENCODING UNITY_LIGHTMAP_RGBM_ENCODING UNITY_VIRTUAL_TEXTURING UNITY_PRETRANSFORM_TO_DISPLAY_ORIENTATION UNITY_ASTC_NORMALMAP_ENCODING SHADER_API_GLES30 flags=0 lang=0 type=Vertex platform=d3d11 reqs=4075 mask=6 start=139 ok=1 outsize=1694

Cmd: disassembleShader
 name=Standard platform=d3d11 type=15 mask=6 insize=1694 outsize=2847 ok=1

Cmd: compileSnippet
  insize=1311 file=Assets/DefaultResourcesExtra/Standard pass=ShadowCaster cachingPP=1 ppOnly=0 stripLineD=0 buildPlatform=21 rsLen=0 pKW=UNITY_ENABLE_REFLECTION_BUFFERS UNITY_NO_SCREENSPACE_SHADOWS UNITY_PBS_USE_BRDF3 UNITY_HARDWARE_TIER1 UNITY_COLORSPACE_GAMMA UNITY_LIGHTMAP_FULL_HDR UNITY_PASS_SHADOWCASTER uKW=SHADOWS_CUBE _ALPHABLEND_ON dKW=INSTANCING_ON _ALPHATEST_ON _ALPHAPREMULTIPLY_ON _METALLICGLOSSMAP _SMOOTHNESS_TEXTURE_ALBEDO_CHANNEL_A _PARALLAXMAP SHADOWS_DEPTH UNITY_NO_DXT5nm UNITY_ENABLE_NATIVE_SHADOW_LOOKUPS UNITY_METAL_SHADOWS_USE_POINT_FILTERING UNITY_USE_DITHER_MASK_FOR_ALPHABLENDED_SHADOWS UNITY_PBS_USE_BRDF1 UNITY_PBS_USE_BRDF2 UNITY_NO_FULL_STANDARD_SHADER UNITY_SPECCUBE_BOX_PROJECTION UNITY_SPECCUBE_BLENDING UNITY_ENABLE_DETAIL_NORMALMAP UNITY_HARDWARE_TIER2 UNITY_HARDWARE_TIER3 UNITY_LIGHT_PROBE_PROXY_VOLUME UNITY_HALF_PRECISION_FRAGMENT_SHADER_REGISTERS UNITY_LIGHTMAP_DLDR_ENCODING UNITY_LIGHTMAP_RGBM_ENCODING UNITY_VIRTUAL_TEXTURING UNITY_PRETRANSFORM_TO_DISPLAY_ORIENTATION UNITY_ASTC_NORMALMAP_ENCODING SHADER_API_GLES30 flags=0 lang=0 type=Fragment platform=d3d11 reqs=227 mask=6 start=139 ok=1 outsize=474

Cmd: disassembleShader
 name=Standard platform=d3d11 type=17 mask=6 insize=474 outsize=1063 ok=1

Cmd: disassembleShader
 name=Standard platform=d3d11 type=15 mask=6 insize=2506 outsize=4181 ok=1

Cmd: compileSnippet
  insize=1590 file=Assets/DefaultResourcesExtra/Standard pass=DEFERRED cachingPP=1 ppOnly=0 stripLineD=0 buildPlatform=21 rsLen=0 pKW=UNITY_ENABLE_REFLECTION_BUFFERS UNITY_USE_DITHER_MASK_FOR_ALPHABLENDED_SHADOWS UNITY_PBS_USE_BRDF1 UNITY_SPECCUBE_BOX_PROJECTION UNITY_SPECCUBE_BLENDING UNITY_ENABLE_DETAIL_NORMALMAP UNITY_HARDWARE_TIER3 UNITY_COLORSPACE_GAMMA UNITY_LIGHT_PROBE_PROXY_VOLUME UNITY_LIGHTMAP_FULL_HDR UNITY_PASS_DEFERRED uKW=LIGHTPROBE_SH STEREO_INSTANCING_ON _ALPHABLEND_ON dKW=INSTANCING_ON _NORMALMAP _ALPHATEST_ON _ALPHAPREMULTIPLY_ON _METALLICGLOSSMAP _PARALLAXMAP DYNAMICLIGHTMAP_ON SHADOWS_SHADOWMASK LIGHTMAP_ON DIRLIGHTMAP_COMBINED UNITY_HDR_ON UNITY_NO_DXT5nm UNITY_ENABLE_NATIVE_SHADOW_LOOKUPS UNITY_METAL_SHADOWS_USE_POINT_FILTERING UNITY_NO_SCREENSPACE_SHADOWS UNITY_PBS_USE_BRDF2 UNITY_PBS_USE_BRDF3 UNITY_NO_FULL_STANDARD_SHADER UNITY_HARDWARE_TIER1 UNITY_HARDWARE_TIER2 UNITY_HALF_PRECISION_FRAGMENT_SHADER_REGISTERS UNITY_LIGHTMAP_DLDR_ENCODING UNITY_LIGHTMAP_RGBM_ENCODING UNITY_VIRTUAL_TEXTURING UNITY_PRETRANSFORM_TO_DISPLAY_ORIENTATION UNITY_ASTC_NORMALMAP_ENCODING SHADER_API_GLES30 flags=0 lang=0 type=Vertex platform=d3d11 reqs=4075 mask=6 start=168 ok=1 outsize=2146

Cmd: disassembleShader
 name=Standard platform=d3d11 type=15 mask=6 insize=2146 outsize=3723 ok=1

Cmd: disassembleShader
 name=Standard platform=d3d11 type=17 mask=6 insize=2118 outsize=3896 ok=1

Cmd: compileSnippet
  insize=1590 file=Assets/DefaultResourcesExtra/Standard pass=DEFERRED cachingPP=1 ppOnly=0 stripLineD=0 buildPlatform=21 rsLen=0 pKW=UNITY_ENABLE_REFLECTION_BUFFERS UNITY_USE_DITHER_MASK_FOR_ALPHABLENDED_SHADOWS UNITY_PBS_USE_BRDF1 UNITY_SPECCUBE_BOX_PROJECTION UNITY_SPECCUBE_BLENDING UNITY_ENABLE_DETAIL_NORMALMAP UNITY_HARDWARE_TIER2 UNITY_COLORSPACE_GAMMA UNITY_LIGHT_PROBE_PROXY_VOLUME UNITY_LIGHTMAP_FULL_HDR UNITY_PASS_DEFERRED uKW=LIGHTPROBE_SH STEREO_INSTANCING_ON _ALPHABLEND_ON dKW=_EMISSION INSTANCING_ON _NORMALMAP _ALPHATEST_ON _ALPHAPREMULTIPLY_ON _METALLICGLOSSMAP _SMOOTHNESS_TEXTURE_ALBEDO_CHANNEL_A _SPECULARHIGHLIGHTS_OFF _DETAIL_MULX2 _PARALLAXMAP DYNAMICLIGHTMAP_ON SHADOWS_SHADOWMASK LIGHTMAP_ON DIRLIGHTMAP_COMBINED UNITY_HDR_ON UNITY_NO_DXT5nm UNITY_ENABLE_NATIVE_SHADOW_LOOKUPS UNITY_METAL_SHADOWS_USE_POINT_FILTERING UNITY_NO_SCREENSPACE_SHADOWS UNITY_PBS_USE_BRDF2 UNITY_PBS_USE_BRDF3 UNITY_NO_FULL_STANDARD_SHADER UNITY_HARDWARE_TIER1 UNITY_HARDWARE_TIER3 UNITY_HALF_PRECISION_FRAGMENT_SHADER_REGISTERS UNITY_LIGHTMAP_DLDR_ENCODING UNITY_LIGHTMAP_RGBM_ENCODING UNITY_VIRTUAL_TEXTURING UNITY_PRETRANSFORM_TO_DISPLAY_ORIENTATION UNITY_ASTC_NORMALMAP_ENCODING SHADER_API_GLES30 flags=0 lang=0 type=Fragment platform=d3d11 reqs=4075 mask=6 start=168 ok=1 outsize=2634

Cmd: disassembleShader
 name=Standard platform=d3d11 type=17 mask=6 insize=2634 outsize=4609 ok=1

Cmd: disassembleShader
 name=Standard platform=d3d11 type=17 mask=6 insize=1154 outsize=2401 ok=1

Cmd: compileSnippet
  insize=1590 file=Assets/DefaultResourcesExtra/Standard pass=DEFERRED cachingPP=1 ppOnly=0 stripLineD=0 buildPlatform=21 rsLen=0 pKW=UNITY_ENABLE_REFLECTION_BUFFERS UNITY_USE_DITHER_MASK_FOR_ALPHABLENDED_SHADOWS UNITY_PBS_USE_BRDF1 UNITY_SPECCUBE_BOX_PROJECTION UNITY_SPECCUBE_BLENDING UNITY_ENABLE_DETAIL_NORMALMAP UNITY_HARDWARE_TIER2 UNITY_COLORSPACE_GAMMA UNITY_LIGHT_PROBE_PROXY_VOLUME UNITY_LIGHTMAP_FULL_HDR UNITY_PASS_DEFERRED uKW=LIGHTPROBE_SH _EMISSION UNITY_HDR_ON dKW=INSTANCING_ON _NORMALMAP _ALPHATEST_ON _ALPHABLEND_ON _ALPHAPREMULTIPLY_ON _METALLICGLOSSMAP _SMOOTHNESS_TEXTURE_ALBEDO_CHANNEL_A _SPECULARHIGHLIGHTS_OFF _DETAIL_MULX2 _PARALLAXMAP DYNAMICLIGHTMAP_ON SHADOWS_SHADOWMASK LIGHTMAP_ON DIRLIGHTMAP_COMBINED UNITY_NO_DXT5nm UNITY_ENABLE_NATIVE_SHADOW_LOOKUPS UNITY_METAL_SHADOWS_USE_POINT_FILTERING UNITY_NO_SCREENSPACE_SHADOWS UNITY_PBS_USE_BRDF2 UNITY_PBS_USE_BRDF3 UNITY_NO_FULL_STANDARD_SHADER UNITY_HARDWARE_TIER1 UNITY_HARDWARE_TIER3 UNITY_HALF_PRECISION_FRAGMENT_SHADER_REGISTERS UNITY_LIGHTMAP_DLDR_ENCODING UNITY_LIGHTMAP_RGBM_ENCODING UNITY_VIRTUAL_TEXTURING UNITY_PRETRANSFORM_TO_DISPLAY_ORIENTATION UNITY_ASTC_NORMALMAP_ENCODING SHADER_API_GLES30 flags=0 lang=0 type=Fragment platform=d3d11 reqs=227 mask=6 start=168 ok=1 outsize=2626

Cmd: disassembleShader
 name=Standard platform=d3d11 type=17 mask=6 insize=2626 outsize=4622 ok=1

Cmd: disassembleShader
 name=Standard platform=d3d11 type=17 mask=6 insize=1570 outsize=3049 ok=1

Cmd: disassembleShader
 name=Standard platform=d3d11 type=17 mask=6 insize=1658 outsize=3194 ok=1

Cmd: compileSnippet
  insize=1590 file=Assets/DefaultResourcesExtra/Standard pass=DEFERRED cachingPP=1 ppOnly=0 stripLineD=0 buildPlatform=21 rsLen=0 pKW=UNITY_ENABLE_REFLECTION_BUFFERS UNITY_NO_SCREENSPACE_SHADOWS UNITY_PBS_USE_BRDF3 UNITY_HARDWARE_TIER1 UNITY_COLORSPACE_GAMMA UNITY_LIGHTMAP_FULL_HDR UNITY_PASS_DEFERRED uKW=_ALPHABLEND_ON dKW=_EMISSION INSTANCING_ON _NORMALMAP _ALPHATEST_ON _ALPHAPREMULTIPLY_ON _METALLICGLOSSMAP _SMOOTHNESS_TEXTURE_ALBEDO_CHANNEL_A _SPECULARHIGHLIGHTS_OFF _DETAIL_MULX2 _PARALLAXMAP LIGHTPROBE_SH DYNAMICLIGHTMAP_ON SHADOWS_SHADOWMASK LIGHTMAP_ON DIRLIGHTMAP_COMBINED UNITY_HDR_ON UNITY_NO_DXT5nm UNITY_ENABLE_NATIVE_SHADOW_LOOKUPS UNITY_METAL_SHADOWS_USE_POINT_FILTERING UNITY_USE_DITHER_MASK_FOR_ALPHABLENDED_SHADOWS UNITY_PBS_USE_BRDF1 UNITY_PBS_USE_BRDF2 UNITY_NO_FULL_STANDARD_SHADER UNITY_SPECCUBE_BOX_PROJECTION UNITY_SPECCUBE_BLENDING UNITY_ENABLE_DETAIL_NORMALMAP UNITY_HARDWARE_TIER2 UNITY_HARDWARE_TIER3 UNITY_LIGHT_PROBE_PROXY_VOLUME UNITY_HALF_PRECISION_FRAGMENT_SHADER_REGISTERS UNITY_LIGHTMAP_DLDR_ENCODING UNITY_LIGHTMAP_RGBM_ENCODING UNITY_VIRTUAL_TEXTURING UNITY_PRETRANSFORM_TO_DISPLAY_ORIENTATION UNITY_ASTC_NORMALMAP_ENCODING SHADER_API_GLES30 flags=0 lang=0 type=Fragment platform=d3d11 reqs=227 mask=6 start=168 ok=1 outsize=1154

Cmd: disassembleShader
 name=Standard platform=d3d11 type=17 mask=6 insize=1154 outsize=2422 ok=1

Cmd: disassembleShader
 name=Standard platform=d3d11 type=15 mask=6 insize=2726 outsize=4408 ok=1

Cmd: disassembleShader
 name=Standard platform=d3d11 type=15 mask=6 insize=2366 outsize=3950 ok=1

Cmd: disassembleShader
 name=Standard platform=d3d11 type=15 mask=6 insize=2234 outsize=3870 ok=1

Cmd: compileSnippet
  insize=1442 file=Assets/DefaultResourcesExtra/Standard pass=FORWARD cachingPP=1 ppOnly=0 stripLineD=0 buildPlatform=21 rsLen=0 pKW=UNITY_ENABLE_REFLECTION_BUFFERS UNITY_NO_SCREENSPACE_SHADOWS UNITY_PBS_USE_BRDF3 UNITY_HARDWARE_TIER1 UNITY_COLORSPACE_GAMMA UNITY_LIGHTMAP_FULL_HDR UNITY_PASS_FORWARDBASE uKW=DIRECTIONAL SHADOWS_SCREEN STEREO_INSTANCING_ON _ALPHABLEND_ON dKW=FOG_LINEAR FOG_EXP FOG_EXP2 _NORMALMAP _ALPHATEST_ON _ALPHAPREMULTIPLY_ON _METALLICGLOSSMAP LIGHTPROBE_SH SHADOWS_SHADOWMASK DYNAMICLIGHTMAP_ON LIGHTMAP_ON LIGHTMAP_SHADOW_MIXING VERTEXLIGHT_ON UNITY_NO_DXT5nm UNITY_ENABLE_NATIVE_SHADOW_LOOKUPS UNITY_METAL_SHADOWS_USE_POINT_FILTERING UNITY_USE_DITHER_MASK_FOR_ALPHABLENDED_SHADOWS UNITY_PBS_USE_BRDF1 UNITY_PBS_USE_BRDF2 UNITY_NO_FULL_STANDARD_SHADER UNITY_SPECCUBE_BOX_PROJECTION UNITY_SPECCUBE_BLENDING UNITY_ENABLE_DETAIL_NORMALMAP UNITY_HARDWARE_TIER2 UNITY_HARDWARE_TIER3 UNITY_LIGHT_PROBE_PROXY_VOLUME UNITY_HALF_PRECISION_FRAGMENT_SHADER_REGISTERS UNITY_LIGHTMAP_DLDR_ENCODING UNITY_LIGHTMAP_RGBM_ENCODING UNITY_VIRTUAL_TEXTURING UNITY_PRETRANSFORM_TO_DISPLAY_ORIENTATION UNITY_ASTC_NORMALMAP_ENCODING SHADER_API_GLES30 flags=0 lang=0 type=Vertex platform=d3d11 reqs=4075 mask=6 start=237 ok=1 outsize=1978

Cmd: disassembleShader
 name=Standard platform=d3d11 type=15 mask=6 insize=1978 outsize=3542 ok=1

Cmd: disassembleShader
 name=Standard platform=d3d11 type=15 mask=6 insize=1746 outsize=3071 ok=1

Cmd: disassembleShader
 name=Standard platform=d3d11 type=15 mask=6 insize=1978 outsize=3542 ok=1

Cmd: disassembleShader
 name=Standard platform=d3d11 type=15 mask=6 insize=1978 outsize=3542 ok=1

Cmd: disassembleShader
 name=Standard platform=d3d11 type=15 mask=6 insize=3446 outsize=5513 ok=1

Cmd: compileSnippet
  insize=1442 file=Assets/DefaultResourcesExtra/Standard pass=FORWARD cachingPP=1 ppOnly=0 stripLineD=0 buildPlatform=21 rsLen=0 pKW=UNITY_ENABLE_REFLECTION_BUFFERS UNITY_USE_DITHER_MASK_FOR_ALPHABLENDED_SHADOWS UNITY_PBS_USE_BRDF1 UNITY_SPECCUBE_BOX_PROJECTION UNITY_SPECCUBE_BLENDING UNITY_ENABLE_DETAIL_NORMALMAP UNITY_HARDWARE_TIER3 UNITY_COLORSPACE_GAMMA UNITY_LIGHT_PROBE_PROXY_VOLUME UNITY_LIGHTMAP_FULL_HDR UNITY_PASS_FORWARDBASE uKW=DIRECTIONAL LIGHTPROBE_SH VERTEXLIGHT_ON STEREO_INSTANCING_ON _ALPHABLEND_ON dKW=FOG_LINEAR FOG_EXP FOG_EXP2 _NORMALMAP _ALPHATEST_ON _ALPHAPREMULTIPLY_ON _METALLICGLOSSMAP SHADOWS_SHADOWMASK DYNAMICLIGHTMAP_ON LIGHTMAP_ON LIGHTMAP_SHADOW_MIXING SHADOWS_SCREEN UNITY_NO_DXT5nm UNITY_ENABLE_NATIVE_SHADOW_LOOKUPS UNITY_METAL_SHADOWS_USE_POINT_FILTERING UNITY_NO_SCREENSPACE_SHADOWS UNITY_PBS_USE_BRDF2 UNITY_PBS_USE_BRDF3 UNITY_NO_FULL_STANDARD_SHADER UNITY_HARDWARE_TIER1 UNITY_HARDWARE_TIER2 UNITY_HALF_PRECISION_FRAGMENT_SHADER_REGISTERS UNITY_LIGHTMAP_DLDR_ENCODING UNITY_LIGHTMAP_RGBM_ENCODING UNITY_VIRTUAL_TEXTURING UNITY_PRETRANSFORM_TO_DISPLAY_ORIENTATION UNITY_ASTC_NORMALMAP_ENCODING SHADER_API_GLES30 flags=0 lang=0 type=Vertex platform=d3d11 reqs=4075 mask=6 start=237 ok=1 outsize=3086

Cmd: disassembleShader
 name=Standard platform=d3d11 type=15 mask=6 insize=3086 outsize=5055 ok=1

Cmd: disassembleShader
 name=Standard platform=d3d11 type=15 mask=6 insize=1978 outsize=3542 ok=1

Cmd: disassembleShader
 name=Standard platform=d3d11 type=15 mask=6 insize=1978 outsize=3542 ok=1

Cmd: disassembleShader
 name=Standard platform=d3d11 type=17 mask=6 insize=3102 outsize=5082 ok=1

Cmd: disassembleShader
 name=Standard platform=d3d11 type=17 mask=6 insize=2154 outsize=3652 ok=1

Cmd: disassembleShader
 name=Standard platform=d3d11 type=17 mask=6 insize=6978 outsize=9814 ok=1

Cmd: disassembleShader
 name=Standard platform=d3d11 type=17 mask=6 insize=2818 outsize=4642 ok=1

Cmd: compileSnippet
  insize=1442 file=Assets/DefaultResourcesExtra/Standard pass=FORWARD cachingPP=1 ppOnly=0 stripLineD=0 buildPlatform=21 rsLen=0 pKW=UNITY_ENABLE_REFLECTION_BUFFERS UNITY_NO_SCREENSPACE_SHADOWS UNITY_PBS_USE_BRDF3 UNITY_HARDWARE_TIER1 UNITY_COLORSPACE_GAMMA UNITY_LIGHTMAP_FULL_HDR UNITY_PASS_FORWARDBASE uKW=DIRECTIONAL SHADOWS_SCREEN _EMISSION dKW=FOG_LINEAR FOG_EXP FOG_EXP2 _NORMALMAP _ALPHATEST_ON _ALPHABLEND_ON _ALPHAPREMULTIPLY_ON _METALLICGLOSSMAP _SMOOTHNESS_TEXTURE_ALBEDO_CHANNEL_A _SPECULARHIGHLIGHTS_OFF _GLOSSYREFLECTIONS_OFF LIGHTPROBE_SH SHADOWS_SHADOWMASK DYNAMICLIGHTMAP_ON LIGHTMAP_ON LIGHTMAP_SHADOW_MIXING UNITY_NO_DXT5nm UNITY_ENABLE_NATIVE_SHADOW_LOOKUPS UNITY_METAL_SHADOWS_USE_POINT_FILTERING UNITY_USE_DITHER_MASK_FOR_ALPHABLENDED_SHADOWS UNITY_PBS_USE_BRDF1 UNITY_PBS_USE_BRDF2 UNITY_NO_FULL_STANDARD_SHADER UNITY_SPECCUBE_BOX_PROJECTION UNITY_SPECCUBE_BLENDING UNITY_ENABLE_DETAIL_NORMALMAP UNITY_HARDWARE_TIER2 UNITY_HARDWARE_TIER3 UNITY_LIGHT_PROBE_PROXY_VOLUME UNITY_HALF_PRECISION_FRAGMENT_SHADER_REGISTERS UNITY_LIGHTMAP_DLDR_ENCODING UNITY_LIGHTMAP_RGBM_ENCODING UNITY_VIRTUAL_TEXTURING UNITY_PRETRANSFORM_TO_DISPLAY_ORIENTATION UNITY_ASTC_NORMALMAP_ENCODING SHADER_API_GLES30 flags=0 lang=0 type=Fragment platform=d3d11 reqs=227 mask=6 start=237 ok=1 outsize=3162

Cmd: disassembleShader
 name=Standard platform=d3d11 type=17 mask=6 insize=3162 outsize=5003 ok=1

Cmd: compileSnippet
  insize=1442 file=Assets/DefaultResourcesExtra/Standard pass=FORWARD cachingPP=1 ppOnly=0 stripLineD=0 buildPlatform=21 rsLen=0 pKW=UNITY_ENABLE_REFLECTION_BUFFERS UNITY_USE_DITHER_MASK_FOR_ALPHABLENDED_SHADOWS UNITY_PBS_USE_BRDF1 UNITY_SPECCUBE_BOX_PROJECTION UNITY_SPECCUBE_BLENDING UNITY_ENABLE_DETAIL_NORMALMAP UNITY_HARDWARE_TIER3 UNITY_COLORSPACE_GAMMA UNITY_LIGHT_PROBE_PROXY_VOLUME UNITY_LIGHTMAP_FULL_HDR UNITY_PASS_FORWARDBASE uKW=DIRECTIONAL SHADOWS_SCREEN STEREO_INSTANCING_ON _ALPHABLEND_ON dKW=_EMISSION FOG_LINEAR FOG_EXP FOG_EXP2 _NORMALMAP _ALPHATEST_ON _ALPHAPREMULTIPLY_ON _METALLICGLOSSMAP _SMOOTHNESS_TEXTURE_ALBEDO_CHANNEL_A _SPECULARHIGHLIGHTS_OFF _GLOSSYREFLECTIONS_OFF LIGHTPROBE_SH SHADOWS_SHADOWMASK DYNAMICLIGHTMAP_ON LIGHTMAP_ON LIGHTMAP_SHADOW_MIXING UNITY_NO_DXT5nm UNITY_ENABLE_NATIVE_SHADOW_LOOKUPS UNITY_METAL_SHADOWS_USE_POINT_FILTERING UNITY_NO_SCREENSPACE_SHADOWS UNITY_PBS_USE_BRDF2 UNITY_PBS_USE_BRDF3 UNITY_NO_FULL_STANDARD_SHADER UNITY_HARDWARE_TIER1 UNITY_HARDWARE_TIER2 UNITY_HALF_PRECISION_FRAGMENT_SHADER_REGISTERS UNITY_LIGHTMAP_DLDR_ENCODING UNITY_LIGHTMAP_RGBM_ENCODING UNITY_VIRTUAL_TEXTURING UNITY_PRETRANSFORM_TO_DISPLAY_ORIENTATION UNITY_ASTC_NORMALMAP_ENCODING SHADER_API_GLES30 flags=0 lang=0 type=Fragment platform=d3d11 reqs=4075 mask=6 start=237 ok=1 outsize=6258

Cmd: disassembleShader
 name=Standard platform=d3d11 type=17 mask=6 insize=6258 outsize=8793 ok=1

Cmd: compileSnippet
  insize=1442 file=Assets/DefaultResourcesExtra/Standard pass=FORWARD cachingPP=1 ppOnly=0 stripLineD=0 buildPlatform=21 rsLen=0 pKW=UNITY_ENABLE_REFLECTION_BUFFERS UNITY_NO_SCREENSPACE_SHADOWS UNITY_PBS_USE_BRDF3 UNITY_HARDWARE_TIER1 UNITY_COLORSPACE_GAMMA UNITY_LIGHTMAP_FULL_HDR UNITY_PASS_FORWARDBASE uKW=DIRECTIONAL _EMISSION STEREO_INSTANCING_ON dKW=FOG_LINEAR FOG_EXP FOG_EXP2 _NORMALMAP _ALPHATEST_ON _ALPHABLEND_ON _ALPHAPREMULTIPLY_ON _METALLICGLOSSMAP _SMOOTHNESS_TEXTURE_ALBEDO_CHANNEL_A _SPECULARHIGHLIGHTS_OFF _GLOSSYREFLECTIONS_OFF LIGHTPROBE_SH SHADOWS_SHADOWMASK DYNAMICLIGHTMAP_ON LIGHTMAP_ON LIGHTMAP_SHADOW_MIXING SHADOWS_SCREEN UNITY_NO_DXT5nm UNITY_ENABLE_NATIVE_SHADOW_LOOKUPS UNITY_METAL_SHADOWS_USE_POINT_FILTERING UNITY_USE_DITHER_MASK_FOR_ALPHABLENDED_SHADOWS UNITY_PBS_USE_BRDF1 UNITY_PBS_USE_BRDF2 UNITY_NO_FULL_STANDARD_SHADER UNITY_SPECCUBE_BOX_PROJECTION UNITY_SPECCUBE_BLENDING UNITY_ENABLE_DETAIL_NORMALMAP UNITY_HARDWARE_TIER2 UNITY_HARDWARE_TIER3 UNITY_LIGHT_PROBE_PROXY_VOLUME UNITY_HALF_PRECISION_FRAGMENT_SHADER_REGISTERS UNITY_LIGHTMAP_DLDR_ENCODING UNITY_LIGHTMAP_RGBM_ENCODING UNITY_VIRTUAL_TEXTURING UNITY_PRETRANSFORM_TO_DISPLAY_ORIENTATION UNITY_ASTC_NORMALMAP_ENCODING SHADER_API_GLES30 flags=0 lang=0 type=Fragment platform=d3d11 reqs=4075 mask=6 start=237 ok=1 outsize=2394

Cmd: disassembleShader
 name=Standard platform=d3d11 type=17 mask=6 insize=2394 outsize=4007 ok=1

Cmd: disassembleShader
 name=Standard platform=d3d11 type=17 mask=6 insize=2334 outsize=3863 ok=1

Cmd: disassembleShader
 name=Standard platform=d3d11 type=17 mask=6 insize=5754 outsize=8091 ok=1

Cmd: disassembleShader
 name=Standard platform=d3d11 type=15 mask=6 insize=2338 outsize=4011 ok=1

Cmd: disassembleShader
 name=Standard platform=d3d11 type=15 mask=6 insize=1798 outsize=3169 ok=1

Cmd: disassembleShader
 name=Standard platform=d3d11 type=15 mask=6 insize=2566 outsize=4346 ok=1

Cmd: disassembleShader
 name=Standard platform=d3d11 type=15 mask=6 insize=2186 outsize=3862 ok=1

Cmd: disassembleShader
 name=Standard platform=d3d11 type=15 mask=6 insize=2102 outsize=3593 ok=1

Cmd: disassembleShader
 name=Standard platform=d3d11 type=15 mask=6 insize=2186 outsize=3862 ok=1

Cmd: disassembleShader
 name=Standard platform=d3d11 type=15 mask=6 insize=2566 outsize=4341 ok=1

Cmd: compileSnippet
  insize=1295 file=Assets/DefaultResourcesExtra/Standard pass=FORWARD_DELTA cachingPP=1 ppOnly=0 stripLineD=0 buildPlatform=21 rsLen=0 pKW=UNITY_ENABLE_REFLECTION_BUFFERS UNITY_USE_DITHER_MASK_FOR_ALPHABLENDED_SHADOWS UNITY_PBS_USE_BRDF1 UNITY_SPECCUBE_BOX_PROJECTION UNITY_SPECCUBE_BLENDING UNITY_ENABLE_DETAIL_NORMALMAP UNITY_HARDWARE_TIER2 UNITY_COLORSPACE_GAMMA UNITY_LIGHT_PROBE_PROXY_VOLUME UNITY_LIGHTMAP_FULL_HDR UNITY_PASS_FORWARDADD uKW=POINT_COOKIE _ALPHABLEND_ON dKW=FOG_LINEAR FOG_EXP FOG_EXP2 _NORMALMAP _ALPHATEST_ON _ALPHAPREMULTIPLY_ON _METALLICGLOSSMAP POINT DIRECTIONAL SPOT DIRECTIONAL_COOKIE SHADOWS_SHADOWMASK LIGHTMAP_SHADOW_MIXING SHADOWS_DEPTH SHADOWS_SCREEN SHADOWS_CUBE UNITY_NO_DXT5nm UNITY_ENABLE_NATIVE_SHADOW_LOOKUPS UNITY_METAL_SHADOWS_USE_POINT_FILTERING UNITY_NO_SCREENSPACE_SHADOWS UNITY_PBS_USE_BRDF2 UNITY_PBS_USE_BRDF3 UNITY_NO_FULL_STANDARD_SHADER UNITY_HARDWARE_TIER1 UNITY_HARDWARE_TIER3 UNITY_HALF_PRECISION_FRAGMENT_SHADER_REGISTERS UNITY_LIGHTMAP_DLDR_ENCODING UNITY_LIGHTMAP_RGBM_ENCODING UNITY_VIRTUAL_TEXTURING UNITY_PRETRANSFORM_TO_DISPLAY_ORIENTATION UNITY_ASTC_NORMALMAP_ENCODING SHADER_API_GLES30 flags=0 lang=0 type=Vertex platform=d3d11 reqs=1 mask=6 start=272 ok=1 outsize=2102

Cmd: disassembleShader
 name=Standard platform=d3d11 type=15 mask=6 insize=2102 outsize=3588 ok=1

Cmd: disassembleShader
 name=Standard platform=d3d11 type=15 mask=6 insize=2186 outsize=3852 ok=1

Cmd: disassembleShader
 name=Standard platform=d3d11 type=15 mask=6 insize=2186 outsize=3852 ok=1

Cmd: disassembleShader
 name=Standard platform=d3d11 type=15 mask=6 insize=2566 outsize=4346 ok=1

Cmd: compileSnippet
  insize=1295 file=Assets/DefaultResourcesExtra/Standard pass=FORWARD_DELTA cachingPP=1 ppOnly=0 stripLineD=0 buildPlatform=21 rsLen=0 pKW=UNITY_ENABLE_REFLECTION_BUFFERS UNITY_USE_DITHER_MASK_FOR_ALPHABLENDED_SHADOWS UNITY_PBS_USE_BRDF1 UNITY_SPECCUBE_BOX_PROJECTION UNITY_SPECCUBE_BLENDING UNITY_ENABLE_DETAIL_NORMALMAP UNITY_HARDWARE_TIER2 UNITY_COLORSPACE_GAMMA UNITY_LIGHT_PROBE_PROXY_VOLUME UNITY_LIGHTMAP_FULL_HDR UNITY_PASS_FORWARDADD uKW=SPOT SHADOWS_DEPTH STEREO_INSTANCING_ON _ALPHABLEND_ON dKW=FOG_LINEAR FOG_EXP FOG_EXP2 _NORMALMAP _ALPHATEST_ON _ALPHAPREMULTIPLY_ON _METALLICGLOSSMAP POINT DIRECTIONAL POINT_COOKIE DIRECTIONAL_COOKIE SHADOWS_SHADOWMASK LIGHTMAP_SHADOW_MIXING SHADOWS_SCREEN SHADOWS_CUBE UNITY_NO_DXT5nm UNITY_ENABLE_NATIVE_SHADOW_LOOKUPS UNITY_METAL_SHADOWS_USE_POINT_FILTERING UNITY_NO_SCREENSPACE_SHADOWS UNITY_PBS_USE_BRDF2 UNITY_PBS_USE_BRDF3 UNITY_NO_FULL_STANDARD_SHADER UNITY_HARDWARE_TIER1 UNITY_HARDWARE_TIER3 UNITY_HALF_PRECISION_FRAGMENT_SHADER_REGISTERS UNITY_LIGHTMAP_DLDR_ENCODING UNITY_LIGHTMAP_RGBM_ENCODING UNITY_VIRTUAL_TEXTURING UNITY_PRETRANSFORM_TO_DISPLAY_ORIENTATION UNITY_ASTC_NORMALMAP_ENCODING SHADER_API_GLES30 flags=0 lang=0 type=Vertex platform=d3d11 reqs=4075 mask=6 start=272 ok=1 outsize=2186

Cmd: disassembleShader
 name=Standard platform=d3d11 type=15 mask=6 insize=2186 outsize=3862 ok=1

Cmd: disassembleShader
 name=Standard platform=d3d11 type=15 mask=6 insize=2186 outsize=3852 ok=1

Cmd: disassembleShader
 name=Standard platform=d3d11 type=15 mask=6 insize=2482 outsize=4072 ok=1

Cmd: compileSnippet
  insize=1295 file=Assets/DefaultResourcesExtra/Standard pass=FORWARD_DELTA cachingPP=1 ppOnly=0 stripLineD=0 buildPlatform=21 rsLen=0 pKW=UNITY_ENABLE_REFLECTION_BUFFERS UNITY_NO_SCREENSPACE_SHADOWS UNITY_PBS_USE_BRDF3 UNITY_HARDWARE_TIER1 UNITY_COLORSPACE_GAMMA UNITY_LIGHTMAP_FULL_HDR UNITY_PASS_FORWARDADD uKW=POINT SHADOWS_CUBE STEREO_INSTANCING_ON _ALPHABLEND_ON dKW=FOG_LINEAR FOG_EXP FOG_EXP2 _NORMALMAP _ALPHATEST_ON _ALPHAPREMULTIPLY_ON _METALLICGLOSSMAP DIRECTIONAL SPOT POINT_COOKIE DIRECTIONAL_COOKIE SHADOWS_SHADOWMASK LIGHTMAP_SHADOW_MIXING SHADOWS_DEPTH SHADOWS_SCREEN UNITY_NO_DXT5nm UNITY_ENABLE_NATIVE_SHADOW_LOOKUPS UNITY_METAL_SHADOWS_USE_POINT_FILTERING UNITY_USE_DITHER_MASK_FOR_ALPHABLENDED_SHADOWS UNITY_PBS_USE_BRDF1 UNITY_PBS_USE_BRDF2 UNITY_NO_FULL_STANDARD_SHADER UNITY_SPECCUBE_BOX_PROJECTION UNITY_SPECCUBE_BLENDING UNITY_ENABLE_DETAIL_NORMALMAP UNITY_HARDWARE_TIER2 UNITY_HARDWARE_TIER3 UNITY_LIGHT_PROBE_PROXY_VOLUME UNITY_HALF_PRECISION_FRAGMENT_SHADER_REGISTERS UNITY_LIGHTMAP_DLDR_ENCODING UNITY_LIGHTMAP_RGBM_ENCODING UNITY_VIRTUAL_TEXTURING UNITY_PRETRANSFORM_TO_DISPLAY_ORIENTATION UNITY_ASTC_NORMALMAP_ENCODING SHADER_API_GLES30 flags=0 lang=0 type=Vertex platform=d3d11 reqs=4075 mask=6 start=272 ok=1 outsize=2186

Cmd: disassembleShader
 name=Standard platform=d3d11 type=15 mask=6 insize=2186 outsize=3857 ok=1

Cmd: disassembleShader
 name=Standard platform=d3d11 type=17 mask=6 insize=3850 outsize=5626 ok=1

Cmd: disassembleShader
 name=Standard platform=d3d11 type=17 mask=6 insize=1550 outsize=2757 ok=1

Cmd: disassembleShader
 name=Standard platform=d3d11 type=17 mask=6 insize=2802 outsize=4737 ok=1

Cmd: compileSnippet
  insize=1295 file=Assets/DefaultResourcesExtra/Standard pass=FORWARD_DELTA cachingPP=1 ppOnly=0 stripLineD=0 buildPlatform=21 rsLen=0 pKW=UNITY_ENABLE_REFLECTION_BUFFERS UNITY_USE_DITHER_MASK_FOR_ALPHABLENDED_SHADOWS UNITY_PBS_USE_BRDF1 UNITY_SPECCUBE_BOX_PROJECTION UNITY_SPECCUBE_BLENDING UNITY_ENABLE_DETAIL_NORMALMAP UNITY_HARDWARE_TIER3 UNITY_COLORSPACE_GAMMA UNITY_LIGHT_PROBE_PROXY_VOLUME UNITY_LIGHTMAP_FULL_HDR UNITY_PASS_FORWARDADD uKW=SPOT STEREO_INSTANCING_ON _ALPHABLEND_ON dKW=FOG_LINEAR FOG_EXP FOG_EXP2 _NORMALMAP _ALPHATEST_ON _ALPHAPREMULTIPLY_ON _METALLICGLOSSMAP _SMOOTHNESS_TEXTURE_ALBEDO_CHANNEL_A _SPECULARHIGHLIGHTS_OFF _DETAIL_MULX2 POINT DIRECTIONAL POINT_COOKIE DIRECTIONAL_COOKIE SHADOWS_SHADOWMASK LIGHTMAP_SHADOW_MIXING SHADOWS_DEPTH SHADOWS_SCREEN SHADOWS_CUBE UNITY_NO_DXT5nm UNITY_ENABLE_NATIVE_SHADOW_LOOKUPS UNITY_METAL_SHADOWS_USE_POINT_FILTERING UNITY_NO_SCREENSPACE_SHADOWS UNITY_PBS_USE_BRDF2 UNITY_PBS_USE_BRDF3 UNITY_NO_FULL_STANDARD_SHADER UNITY_HARDWARE_TIER1 UNITY_HARDWARE_TIER2 UNITY_HALF_PRECISION_FRAGMENT_SHADER_REGISTERS UNITY_LIGHTMAP_DLDR_ENCODING UNITY_LIGHTMAP_RGBM_ENCODING UNITY_VIRTUAL_TEXTURING UNITY_PRETRANSFORM_TO_DISPLAY_ORIENTATION UNITY_ASTC_NORMALMAP_ENCODING SHADER_API_GLES30 flags=0 lang=0 type=Fragment platform=d3d11 reqs=4075 mask=6 start=272 ok=1 outsize=4078

Cmd: disassembleShader
 name=Standard platform=d3d11 type=17 mask=6 insize=4078 outsize=5961 ok=1

Cmd: disassembleShader
 name=Standard platform=d3d11 type=17 mask=6 insize=3050 outsize=4831 ok=1

Cmd: disassembleShader
 name=Standard platform=d3d11 type=17 mask=6 insize=4994 outsize=7134 ok=1

Cmd: disassembleShader
 name=Standard platform=d3d11 type=17 mask=6 insize=2258 outsize=3886 ok=1

Cmd: disassembleShader
 name=Standard platform=d3d11 type=17 mask=6 insize=4918 outsize=7058 ok=1

Cmd: disassembleShader
 name=Standard platform=d3d11 type=17 mask=6 insize=4358 outsize=6326 ok=1

Cmd: disassembleShader
 name=Standard platform=d3d11 type=17 mask=6 insize=4506 outsize=6516 ok=1

Cmd: compileSnippet
  insize=1295 file=Assets/DefaultResourcesExtra/Standard pass=FORWARD_DELTA cachingPP=1 ppOnly=0 stripLineD=0 buildPlatform=21 rsLen=0 pKW=UNITY_ENABLE_REFLECTION_BUFFERS UNITY_USE_DITHER_MASK_FOR_ALPHABLENDED_SHADOWS UNITY_PBS_USE_BRDF1 UNITY_SPECCUBE_BOX_PROJECTION UNITY_SPECCUBE_BLENDING UNITY_ENABLE_DETAIL_NORMALMAP UNITY_HARDWARE_TIER3 UNITY_COLORSPACE_GAMMA UNITY_LIGHT_PROBE_PROXY_VOLUME UNITY_LIGHTMAP_FULL_HDR UNITY_PASS_FORWARDADD uKW=DIRECTIONAL SHADOWS_SCREEN _ALPHABLEND_ON dKW=FOG_LINEAR FOG_EXP FOG_EXP2 _NORMALMAP _ALPHATEST_ON _ALPHAPREMULTIPLY_ON _METALLICGLOSSMAP _SMOOTHNESS_TEXTURE_ALBEDO_CHANNEL_A _SPECULARHIGHLIGHTS_OFF _DETAIL_MULX2 POINT SPOT POINT_COOKIE DIRECTIONAL_COOKIE SHADOWS_SHADOWMASK LIGHTMAP_SHADOW_MIXING SHADOWS_DEPTH SHADOWS_CUBE UNITY_NO_DXT5nm UNITY_ENABLE_NATIVE_SHADOW_LOOKUPS UNITY_METAL_SHADOWS_USE_POINT_FILTERING UNITY_NO_SCREENSPACE_SHADOWS UNITY_PBS_USE_BRDF2 UNITY_PBS_USE_BRDF3 UNITY_NO_FULL_STANDARD_SHADER UNITY_HARDWARE_TIER1 UNITY_HARDWARE_TIER2 UNITY_HALF_PRECISION_FRAGMENT_SHADER_REGISTERS UNITY_LIGHTMAP_DLDR_ENCODING UNITY_LIGHTMAP_RGBM_ENCODING UNITY_VIRTUAL_TEXTURING UNITY_PRETRANSFORM_TO_DISPLAY_ORIENTATION UNITY_ASTC_NORMALMAP_ENCODING SHADER_API_GLES30 flags=0 lang=0 type=Fragment platform=d3d11 reqs=227 mask=6 start=272 ok=1 outsize=3978

Cmd: disassembleShader
 name=Standard platform=d3d11 type=17 mask=6 insize=3978 outsize=5762 ok=1

Cmd: compileSnippet
  insize=1295 file=Assets/DefaultResourcesExtra/Standard pass=FORWARD_DELTA cachingPP=1 ppOnly=0 stripLineD=0 buildPlatform=21 rsLen=0 pKW=UNITY_ENABLE_REFLECTION_BUFFERS UNITY_USE_DITHER_MASK_FOR_ALPHABLENDED_SHADOWS UNITY_PBS_USE_BRDF1 UNITY_SPECCUBE_BOX_PROJECTION UNITY_SPECCUBE_BLENDING UNITY_ENABLE_DETAIL_NORMALMAP UNITY_HARDWARE_TIER2 UNITY_COLORSPACE_GAMMA UNITY_LIGHT_PROBE_PROXY_VOLUME UNITY_LIGHTMAP_FULL_HDR UNITY_PASS_FORWARDADD uKW=POINT SHADOWS_CUBE STEREO_INSTANCING_ON _ALPHABLEND_ON dKW=FOG_LINEAR FOG_EXP FOG_EXP2 _NORMALMAP _ALPHATEST_ON _ALPHAPREMULTIPLY_ON _METALLICGLOSSMAP _SMOOTHNESS_TEXTURE_ALBEDO_CHANNEL_A _SPECULARHIGHLIGHTS_OFF _DETAIL_MULX2 DIRECTIONAL SPOT POINT_COOKIE DIRECTIONAL_COOKIE SHADOWS_SHADOWMASK LIGHTMAP_SHADOW_MIXING SHADOWS_DEPTH SHADOWS_SCREEN UNITY_NO_DXT5nm UNITY_ENABLE_NATIVE_SHADOW_LOOKUPS UNITY_METAL_SHADOWS_USE_POINT_FILTERING UNITY_NO_SCREENSPACE_SHADOWS UNITY_PBS_USE_BRDF2 UNITY_PBS_USE_BRDF3 UNITY_NO_FULL_STANDARD_SHADER UNITY_HARDWARE_TIER1 UNITY_HARDWARE_TIER3 UNITY_HALF_PRECISION_FRAGMENT_SHADER_REGISTERS UNITY_LIGHTMAP_DLDR_ENCODING UNITY_LIGHTMAP_RGBM_ENCODING UNITY_VIRTUAL_TEXTURING UNITY_PRETRANSFORM_TO_DISPLAY_ORIENTATION UNITY_ASTC_NORMALMAP_ENCODING SHADER_API_GLES30 flags=0 lang=0 type=Fragment platform=d3d11 reqs=4075 mask=6 start=272 ok=1 outsize=4814

Cmd: disassembleShader
 name=Standard platform=d3d11 type=17 mask=6 insize=4814 outsize=6778 ok=1

Cmd: disassembleShader
 name=Standard platform=d3d11 type=15 mask=6 insize=1694 outsize=2758 ok=1

Cmd: disassembleShader
 name=Standard platform=d3d11 type=15 mask=6 insize=1330 outsize=2142 ok=1

Cmd: disassembleShader
 name=Standard platform=d3d11 type=15 mask=6 insize=1566 outsize=2485 ok=1

Cmd: disassembleShader
 name=Standard platform=d3d11 type=15 mask=6 insize=1810 outsize=2974 ok=1

Cmd: compileSnippet
  insize=1004 file=Assets/DefaultResourcesExtra/Standard pass=ShadowCaster cachingPP=1 ppOnly=0 stripLineD=0 buildPlatform=21 rsLen=0 pKW=UNITY_ENABLE_REFLECTION_BUFFERS UNITY_USE_DITHER_MASK_FOR_ALPHABLENDED_SHADOWS UNITY_PBS_USE_BRDF1 UNITY_SPECCUBE_BOX_PROJECTION UNITY_SPECCUBE_BLENDING UNITY_ENABLE_DETAIL_NORMALMAP UNITY_HARDWARE_TIER3 UNITY_COLORSPACE_GAMMA UNITY_LIGHT_PROBE_PROXY_VOLUME UNITY_LIGHTMAP_FULL_HDR UNITY_PASS_SHADOWCASTER uKW=SHADOWS_CUBE STEREO_INSTANCING_ON _ALPHABLEND_ON dKW=_ALPHATEST_ON _ALPHAPREMULTIPLY_ON _METALLICGLOSSMAP _SMOOTHNESS_TEXTURE_ALBEDO_CHANNEL_A SHADOWS_DEPTH UNITY_NO_DXT5nm UNITY_ENABLE_NATIVE_SHADOW_LOOKUPS UNITY_METAL_SHADOWS_USE_POINT_FILTERING UNITY_NO_SCREENSPACE_SHADOWS UNITY_PBS_USE_BRDF2 UNITY_PBS_USE_BRDF3 UNITY_NO_FULL_STANDARD_SHADER UNITY_HARDWARE_TIER1 UNITY_HARDWARE_TIER2 UNITY_HALF_PRECISION_FRAGMENT_SHADER_REGISTERS UNITY_LIGHTMAP_DLDR_ENCODING UNITY_LIGHTMAP_RGBM_ENCODING UNITY_VIRTUAL_TEXTURING UNITY_PRETRANSFORM_TO_DISPLAY_ORIENTATION UNITY_ASTC_NORMALMAP_ENCODING SHADER_API_GLES30 flags=0 lang=0 type=Fragment platform=d3d11 reqs=4075 mask=6 start=301 ok=1 outsize=634

Cmd: disassembleShader
 name=Standard platform=d3d11 type=17 mask=6 insize=634 outsize=1385 ok=1

Cmd: shutdown

Quitting shader compiler process
